<?xml version="1.0" encoding="UTF-8"?>
<!-- Generated by org.testng.reporters.JUnitReportReporter -->
<testsuite hostname="LAPTOP-G3G0JE44" failures="0" tests="2" name="NewTest" time="0.259" errors="0" timestamp="2022-02-16T17:47:31 GMT+08:00" skipped="0">
  <testcase classname="NewTest" name="checkPasswordPlaceHolder" time="0.055"/>
  <system-out/>
  <testcase classname="NewTest" name="checkEmailPlaceHolder" time="0.204"/>
  <system-out/>
</testsuite> <!-- NewTest -->
